<?xml version="1.0" encoding="UTF-8"?>
<testng-results ignored="0" total="1" passed="1" failed="0" skipped="0">
  <reporter-output>
  </reporter-output>
  <suite started-at="2023-09-25T15:34:08 EDT" name="Default suite" finished-at="2023-09-25T15:34:22 EDT" duration-ms="13812">
    <groups>
      <group name="cucumber">
        <method signature="AbstractTestNGCucumberTests.feature(cucumber.api.testng.CucumberFeatureWrapper)[pri:0, instance:Egg_TestRunner.Egg_TestRunner@4e5ed836]" name="feature" class="cucumber.api.testng.AbstractTestNGCucumberTests"/>
      </group> <!-- cucumber -->
    </groups>
    <test started-at="2023-09-25T15:34:08 EDT" name="Default test" finished-at="2023-09-25T15:34:22 EDT" duration-ms="13812">
      <class name="Egg_TestRunner.Egg_TestRunner">
        <test-method is-config="true" signature="egStartURL()[pri:0, instance:Egg_TestRunner.Egg_TestRunner@4e5ed836]" started-at="2023-09-25T15:34:08 EDT" name="egStartURL" finished-at="2023-09-25T15:34:11 EDT" duration-ms="2311" status="PASS">
          <reporter-output>
          </reporter-output>
        </test-method> <!-- egStartURL -->
        <test-method is-config="true" signature="setUpClass()[pri:0, instance:Egg_TestRunner.Egg_TestRunner@4e5ed836]" started-at="2023-09-25T15:34:11 EDT" name="setUpClass" finished-at="2023-09-25T15:34:11 EDT" duration-ms="81" status="PASS">
          <reporter-output>
          </reporter-output>
        </test-method> <!-- setUpClass -->
        <test-method signature="feature(cucumber.api.testng.CucumberFeatureWrapper)[pri:0, instance:Egg_TestRunner.Egg_TestRunner@4e5ed836]" started-at="2023-09-25T15:34:11 EDT" name="feature" description="Runs Cucumber Feature" data-provider="features" finished-at="2023-09-25T15:34:22 EDT" duration-ms="10979" status="PASS">
          <params>
            <param index="0">
              <value>
                <![CDATA[This is a ch signin feature]]>
              </value>
            </param>
          </params>
          <reporter-output>
          </reporter-output>
        </test-method> <!-- feature -->
        <test-method is-config="true" signature="tearDownClass()[pri:0, instance:Egg_TestRunner.Egg_TestRunner@4e5ed836]" started-at="2023-09-25T15:34:22 EDT" name="tearDownClass" finished-at="2023-09-25T15:34:22 EDT" duration-ms="15" status="PASS">
          <reporter-output>
          </reporter-output>
        </test-method> <!-- tearDownClass -->
        <test-method is-config="true" signature="egCloseURL()[pri:0, instance:Egg_TestRunner.Egg_TestRunner@4e5ed836]" started-at="2023-09-25T15:34:22 EDT" name="egCloseURL" finished-at="2023-09-25T15:34:22 EDT" duration-ms="344" status="PASS">
          <reporter-output>
          </reporter-output>
        </test-method> <!-- egCloseURL -->
      </class> <!-- Egg_TestRunner.Egg_TestRunner -->
    </test> <!-- Default test -->
  </suite> <!-- Default suite -->
</testng-results>
